<?xml version="1.0" encoding="UTF-8"?>
<testng-results skipped="0" failed="0" total="2" passed="2">
  <reporter-output>
  </reporter-output>
  <suite name="Default suite" duration-ms="1792" started-at="2022-05-26T16:47:18Z" finished-at="2022-05-26T16:47:20Z">
    <groups>
      <group name="cucumber">
        <method signature="AbstractTestNGCucumberTests.runScenario(io.cucumber.testng.PickleWrapper, io.cucumber.testng.FeatureWrapper)[pri:0, instance:RunnnerPackage.MarshallingUnmarshallingRunner@123f1134]" name="runScenario" class="io.cucumber.testng.AbstractTestNGCucumberTests"/>
      </group> <!-- cucumber -->
    </groups>
    <test name="Default test" duration-ms="1792" started-at="2022-05-26T16:47:18Z" finished-at="2022-05-26T16:47:20Z">
      <class name="RunnnerPackage.MarshallingUnmarshallingRunner">
        <test-method status="PASS" signature="setUpClass()[pri:0, instance:RunnnerPackage.MarshallingUnmarshallingRunner@123f1134]" name="setUpClass" is-config="true" duration-ms="725" started-at="2022-05-26T22:17:18Z" finished-at="2022-05-26T22:17:19Z">
          <reporter-output>
          </reporter-output>
        </test-method> <!-- setUpClass -->
        <test-method status="PASS" signature="runScenario(io.cucumber.testng.PickleWrapper, io.cucumber.testng.FeatureWrapper)[pri:0, instance:RunnnerPackage.MarshallingUnmarshallingRunner@123f1134]" name="runScenario" duration-ms="905" started-at="2022-05-26T22:17:19Z" description="Runs Cucumber Scenarios" data-provider="scenarios" finished-at="2022-05-26T22:17:20Z">
          <params>
            <param index="0">
              <value>
                <![CDATA["To implement the functionality of marshalling an xml"]]>
              </value>
            </param>
            <param index="1">
              <value>
                <![CDATA["Optional[To implement the functionality of marshalling]"]]>
              </value>
            </param>
          </params>
          <reporter-output>
          </reporter-output>
        </test-method> <!-- runScenario -->
        <test-method status="PASS" signature="runScenario(io.cucumber.testng.PickleWrapper, io.cucumber.testng.FeatureWrapper)[pri:0, instance:RunnnerPackage.MarshallingUnmarshallingRunner@123f1134]" name="runScenario" duration-ms="38" started-at="2022-05-26T22:17:20Z" description="Runs Cucumber Scenarios" data-provider="scenarios" finished-at="2022-05-26T22:17:20Z">
          <params>
            <param index="0">
              <value>
                <![CDATA["To implement the functionality of unmarshalling an xml"]]>
              </value>
            </param>
            <param index="1">
              <value>
                <![CDATA["Optional[To implement the functionality of unmarshalling]"]]>
              </value>
            </param>
          </params>
          <reporter-output>
          </reporter-output>
        </test-method> <!-- runScenario -->
        <test-method status="PASS" signature="tearDownClass()[pri:0, instance:RunnnerPackage.MarshallingUnmarshallingRunner@123f1134]" name="tearDownClass" is-config="true" duration-ms="104" started-at="2022-05-26T22:17:20Z" finished-at="2022-05-26T22:17:20Z">
          <reporter-output>
          </reporter-output>
        </test-method> <!-- tearDownClass -->
      </class> <!-- RunnnerPackage.MarshallingUnmarshallingRunner -->
    </test> <!-- Default test -->
  </suite> <!-- Default suite -->
</testng-results>
